2024-06-16 09:25:29,314 - taml-log - INFO - links:BEL20 returned an empty dict and requires initializing. Use MarketUpdater to initialize.
2024-06-16 09:25:31,369 - taml-log - INFO - links:CAC40 returned an empty dict and requires initializing. Use MarketUpdater to initialize.
2024-06-16 09:25:33,425 - taml-log - INFO - links:DAX returned an empty dict and requires initializing. Use MarketUpdater to initialize.
2024-06-16 09:25:35,465 - taml-log - INFO - links:DOWJONES returned an empty dict and requires initializing. Use MarketUpdater to initialize.
2024-06-16 09:25:37,507 - taml-log - INFO - links:EUROSTOXX50 returned an empty dict and requires initializing. Use MarketUpdater to initialize.
2024-06-16 09:25:39,550 - taml-log - INFO - links:FTSE100 returned an empty dict and requires initializing. Use MarketUpdater to initialize.
2024-06-16 09:25:41,594 - taml-log - INFO - links:OMXH25 returned an empty dict and requires initializing. Use MarketUpdater to initialize.
2024-06-16 09:25:43,635 - taml-log - INFO - links:OMXS30 returned an empty dict and requires initializing. Use MarketUpdater to initialize.
2024-06-16 09:25:45,676 - taml-log - INFO - links:IBEX35 returned an empty dict and requires initializing. Use MarketUpdater to initialize.
2024-06-16 09:25:47,720 - taml-log - INFO - links:MDAX returned an empty dict and requires initializing. Use MarketUpdater to initialize.
2024-06-16 09:25:49,763 - taml-log - INFO - links:NASDAQ100 returned an empty dict and requires initializing. Use MarketUpdater to initialize.
2024-06-16 09:25:51,801 - taml-log - INFO - links:SP100 returned an empty dict and requires initializing. Use MarketUpdater to initialize.
2024-06-16 09:25:53,840 - taml-log - INFO - links:SP500 returned an empty dict and requires initializing. Use MarketUpdater to initialize.
2024-06-16 09:25:55,878 - taml-log - INFO - links:SW20 returned an empty dict and requires initializing. Use MarketUpdater to initialize.
2024-06-16 09:37:25,287 - taml-log - INFO - links:BEL20 returned an empty dict and requires initializing. Use MarketUpdater to initialize.
2024-06-16 09:37:27,323 - taml-log - INFO - links:CAC40 returned an empty dict and requires initializing. Use MarketUpdater to initialize.
2024-06-16 09:37:29,361 - taml-log - INFO - links:DAX returned an empty dict and requires initializing. Use MarketUpdater to initialize.
2024-06-16 09:37:31,399 - taml-log - INFO - links:DOWJONES returned an empty dict and requires initializing. Use MarketUpdater to initialize.
2024-06-16 09:37:33,442 - taml-log - INFO - links:EUROSTOXX50 returned an empty dict and requires initializing. Use MarketUpdater to initialize.
2024-06-16 13:19:06,799 - taml-log - INFO - links:BEL20 returned an empty dict and requires initializing. Use MarketUpdater to initialize.
2024-06-16 13:19:08,832 - taml-log - INFO - links:CAC40 returned an empty dict and requires initializing. Use MarketUpdater to initialize.
2024-06-16 13:19:10,870 - taml-log - INFO - links:DAX returned an empty dict and requires initializing. Use MarketUpdater to initialize.
2024-06-16 13:19:12,910 - taml-log - INFO - links:DOWJONES returned an empty dict and requires initializing. Use MarketUpdater to initialize.
2024-06-16 13:19:14,945 - taml-log - INFO - links:EUROSTOXX50 returned an empty dict and requires initializing. Use MarketUpdater to initialize.
2024-06-16 13:19:16,987 - taml-log - INFO - links:FTSE100 returned an empty dict and requires initializing. Use MarketUpdater to initialize.
2024-06-16 13:19:19,020 - taml-log - INFO - links:OMXH25 returned an empty dict and requires initializing. Use MarketUpdater to initialize.
2024-06-16 13:19:21,052 - taml-log - INFO - links:OMXS30 returned an empty dict and requires initializing. Use MarketUpdater to initialize.
2024-06-16 13:19:23,081 - taml-log - INFO - links:IBEX35 returned an empty dict and requires initializing. Use MarketUpdater to initialize.
2024-06-16 13:19:25,114 - taml-log - INFO - links:MDAX returned an empty dict and requires initializing. Use MarketUpdater to initialize.
2024-06-16 13:19:27,149 - taml-log - INFO - links:NASDAQ100 returned an empty dict and requires initializing. Use MarketUpdater to initialize.
2024-06-16 13:19:29,184 - taml-log - INFO - links:SP100 returned an empty dict and requires initializing. Use MarketUpdater to initialize.
2024-06-16 13:19:31,222 - taml-log - INFO - links:SP500 returned an empty dict and requires initializing. Use MarketUpdater to initialize.
2024-06-16 13:19:33,253 - taml-log - INFO - links:SW20 returned an empty dict and requires initializing. Use MarketUpdater to initialize.
2024-06-16 13:23:20,902 - taml-log - INFO - links:BEL20 returned an empty dict and requires initializing. Use MarketUpdater to initialize.
2024-06-16 13:23:22,942 - taml-log - INFO - links:CAC40 returned an empty dict and requires initializing. Use MarketUpdater to initialize.
2024-06-16 13:23:24,984 - taml-log - INFO - links:DAX returned an empty dict and requires initializing. Use MarketUpdater to initialize.
2024-06-16 13:23:27,019 - taml-log - INFO - links:DOWJONES returned an empty dict and requires initializing. Use MarketUpdater to initialize.
2024-06-16 13:23:29,062 - taml-log - INFO - links:EUROSTOXX50 returned an empty dict and requires initializing. Use MarketUpdater to initialize.
2024-06-16 13:23:31,102 - taml-log - INFO - links:FTSE100 returned an empty dict and requires initializing. Use MarketUpdater to initialize.
2024-06-16 13:23:33,140 - taml-log - INFO - links:OMXH25 returned an empty dict and requires initializing. Use MarketUpdater to initialize.
2024-06-16 13:23:35,176 - taml-log - INFO - links:OMXS30 returned an empty dict and requires initializing. Use MarketUpdater to initialize.
2024-06-16 15:34:39,420 - taml-log - INFO - links:BEL20 returned an empty dict and requires initializing. Use MarketUpdater to initialize.
2024-06-16 15:34:41,449 - taml-log - INFO - links:CAC40 returned an empty dict and requires initializing. Use MarketUpdater to initialize.
2024-06-16 15:34:43,503 - taml-log - INFO - links:DAX returned an empty dict and requires initializing. Use MarketUpdater to initialize.
2024-06-16 15:34:45,547 - taml-log - INFO - links:DOWJONES returned an empty dict and requires initializing. Use MarketUpdater to initialize.
2024-06-16 15:34:47,603 - taml-log - INFO - links:EUROSTOXX50 returned an empty dict and requires initializing. Use MarketUpdater to initialize.
2024-06-16 15:34:49,657 - taml-log - INFO - links:FTSE100 returned an empty dict and requires initializing. Use MarketUpdater to initialize.
2024-06-16 15:34:51,703 - taml-log - INFO - links:OMXH25 returned an empty dict and requires initializing. Use MarketUpdater to initialize.
2024-06-16 15:34:53,746 - taml-log - INFO - links:OMXS30 returned an empty dict and requires initializing. Use MarketUpdater to initialize.
2024-06-16 15:34:55,774 - taml-log - INFO - links:IBEX35 returned an empty dict and requires initializing. Use MarketUpdater to initialize.
2024-06-16 15:34:57,816 - taml-log - INFO - links:MDAX returned an empty dict and requires initializing. Use MarketUpdater to initialize.
2024-06-16 15:34:59,872 - taml-log - INFO - links:NASDAQ100 returned an empty dict and requires initializing. Use MarketUpdater to initialize.
2024-06-16 15:35:01,918 - taml-log - INFO - links:SP100 returned an empty dict and requires initializing. Use MarketUpdater to initialize.
2024-06-16 15:35:03,978 - taml-log - INFO - links:SP500 returned an empty dict and requires initializing. Use MarketUpdater to initialize.
2024-06-16 15:35:06,033 - taml-log - INFO - links:SW20 returned an empty dict and requires initializing. Use MarketUpdater to initialize.
2024-06-17 13:02:34,645 - taml-log - INFO - links:BEL20 returned an empty dict and requires initializing. Use MarketUpdater to initialize.
2024-06-17 13:02:36,684 - taml-log - INFO - links:CAC40 returned an empty dict and requires initializing. Use MarketUpdater to initialize.
2024-06-17 13:02:38,719 - taml-log - INFO - links:DAX returned an empty dict and requires initializing. Use MarketUpdater to initialize.
2024-06-17 13:02:40,746 - taml-log - INFO - links:DOWJONES returned an empty dict and requires initializing. Use MarketUpdater to initialize.
2024-06-17 13:02:42,782 - taml-log - INFO - links:EUROSTOXX50 returned an empty dict and requires initializing. Use MarketUpdater to initialize.
2024-06-17 13:02:44,826 - taml-log - INFO - links:FTSE100 returned an empty dict and requires initializing. Use MarketUpdater to initialize.
2024-06-17 13:02:46,856 - taml-log - INFO - links:OMXH25 returned an empty dict and requires initializing. Use MarketUpdater to initialize.
2024-06-17 13:02:48,894 - taml-log - INFO - links:OMXS30 returned an empty dict and requires initializing. Use MarketUpdater to initialize.
2024-06-17 13:02:50,932 - taml-log - INFO - links:IBEX35 returned an empty dict and requires initializing. Use MarketUpdater to initialize.
2024-06-17 13:02:52,970 - taml-log - INFO - links:MDAX returned an empty dict and requires initializing. Use MarketUpdater to initialize.
2024-06-17 13:02:55,009 - taml-log - INFO - links:NASDAQ100 returned an empty dict and requires initializing. Use MarketUpdater to initialize.
2024-06-17 13:02:57,050 - taml-log - INFO - links:SP100 returned an empty dict and requires initializing. Use MarketUpdater to initialize.
2024-06-17 13:02:59,088 - taml-log - INFO - links:SP500 returned an empty dict and requires initializing. Use MarketUpdater to initialize.
2024-06-17 13:03:01,126 - taml-log - INFO - links:SW20 returned an empty dict and requires initializing. Use MarketUpdater to initialize.
2024-06-17 13:05:29,738 - taml-log - INFO - links:BEL20 returned an empty dict and requires initializing. Use MarketUpdater to initialize.
2024-06-17 13:05:31,776 - taml-log - INFO - links:CAC40 returned an empty dict and requires initializing. Use MarketUpdater to initialize.
2024-06-17 13:05:33,814 - taml-log - INFO - links:DAX returned an empty dict and requires initializing. Use MarketUpdater to initialize.
2024-06-17 13:05:35,850 - taml-log - INFO - links:DOWJONES returned an empty dict and requires initializing. Use MarketUpdater to initialize.
2024-06-17 13:05:37,890 - taml-log - INFO - links:EUROSTOXX50 returned an empty dict and requires initializing. Use MarketUpdater to initialize.
2024-06-17 13:05:39,921 - taml-log - INFO - links:FTSE100 returned an empty dict and requires initializing. Use MarketUpdater to initialize.
2024-06-17 13:05:41,953 - taml-log - INFO - links:OMXH25 returned an empty dict and requires initializing. Use MarketUpdater to initialize.
2024-06-17 13:05:43,988 - taml-log - INFO - links:OMXS30 returned an empty dict and requires initializing. Use MarketUpdater to initialize.
2024-06-17 13:05:46,026 - taml-log - INFO - links:IBEX35 returned an empty dict and requires initializing. Use MarketUpdater to initialize.
2024-06-17 13:05:48,066 - taml-log - INFO - links:MDAX returned an empty dict and requires initializing. Use MarketUpdater to initialize.
2024-06-17 13:05:50,098 - taml-log - INFO - links:NASDAQ100 returned an empty dict and requires initializing. Use MarketUpdater to initialize.
2024-06-17 13:05:52,134 - taml-log - INFO - links:SP100 returned an empty dict and requires initializing. Use MarketUpdater to initialize.
2024-06-17 13:05:54,174 - taml-log - INFO - links:SP500 returned an empty dict and requires initializing. Use MarketUpdater to initialize.
2024-06-17 13:05:56,209 - taml-log - INFO - links:SW20 returned an empty dict and requires initializing. Use MarketUpdater to initialize.
2024-06-24 14:34:45,038 - updater - INFO - Attempting to update /'components/' for AEX.
2024-06-24 14:35:20,293 - updater - INFO - Attempting to update /'links/' for AEX.
2024-06-24 14:35:22,660 - updater - INFO - Attempting to update /'index/' for AEX.
2024-06-24 14:35:26,696 - updater - INFO - Attempting to update /'components/' for AEX.
2024-06-24 14:37:01,453 - updater - INFO - Attempting to update 'links' for AEX.
2024-06-24 14:37:03,742 - updater - INFO - Successfully updated 'links' for AEX.
2024-06-24 14:37:03,742 - updater - INFO - Attempting to update 'index' for AEX.
2024-06-24 14:37:06,042 - updater - INFO - Successfully updated 'index' for AEX.
2024-06-24 14:37:06,042 - updater - INFO - Attempting to update 'components' for AEX.
2024-06-24 14:37:12,936 - updater - INFO - Successfully updated 'components' for AEX.
2024-06-26 16:27:54,839 - taml-log - INFO - Attempting to update 'links' for AEX.
2024-06-26 16:30:40,576 - taml-log - INFO - Attempting to update 'links' for AEX.
2024-06-26 16:30:42,852 - taml-log - INFO - Successfully updated 'links' for AEX.
2024-06-26 16:30:42,852 - taml-log - INFO - Attempting to update 'index' for AEX.
2024-06-26 16:30:45,337 - taml-log - INFO - Successfully updated 'index' for AEX.
2024-06-26 16:30:45,337 - taml-log - INFO - Attempting to update 'components' for AEX.
2024-06-26 16:30:51,518 - taml-log - INFO - Successfully updated 'components' for AEX.
2024-06-26 16:30:51,518 - taml-log - INFO - Attempting to update 'links' for BEL20.
2024-06-26 16:30:53,718 - taml-log - INFO - Successfully updated 'links' for BEL20.
2024-06-26 16:30:53,719 - taml-log - INFO - Attempting to update 'index' for BEL20.
2024-06-26 16:30:55,831 - taml-log - INFO - Successfully updated 'index' for BEL20.
2024-06-26 16:30:55,832 - taml-log - INFO - Attempting to update 'components' for BEL20.
2024-06-26 16:31:01,524 - taml-log - INFO - Successfully updated 'components' for BEL20.
2024-06-26 16:31:01,524 - taml-log - INFO - Attempting to update 'links' for CAC40.
2024-06-26 16:31:03,765 - taml-log - INFO - Successfully updated 'links' for CAC40.
2024-06-26 16:31:03,765 - taml-log - INFO - Attempting to update 'index' for CAC40.
2024-06-26 16:31:05,880 - taml-log - INFO - Successfully updated 'index' for CAC40.
2024-06-26 16:31:05,881 - taml-log - INFO - Attempting to update 'components' for CAC40.
2024-06-26 16:31:13,453 - taml-log - INFO - Successfully updated 'components' for CAC40.
2024-06-26 16:31:13,453 - taml-log - INFO - Attempting to update 'links' for DAX.
2024-06-26 16:31:15,696 - taml-log - INFO - Successfully updated 'links' for DAX.
2024-06-26 16:31:15,697 - taml-log - INFO - Attempting to update 'index' for DAX.
2024-06-26 16:31:17,807 - taml-log - INFO - Successfully updated 'index' for DAX.
2024-06-26 16:31:17,808 - taml-log - INFO - Attempting to update 'components' for DAX.
2024-06-26 16:31:25,421 - taml-log - INFO - Successfully updated 'components' for DAX.
2024-06-26 16:31:25,421 - taml-log - INFO - Attempting to update 'links' for DOWJONES.
2024-06-26 16:31:27,721 - taml-log - INFO - Successfully updated 'links' for DOWJONES.
2024-06-26 16:31:27,722 - taml-log - INFO - Attempting to update 'index' for DOWJONES.
2024-06-26 16:31:29,829 - taml-log - INFO - Successfully updated 'index' for DOWJONES.
2024-06-26 16:31:29,830 - taml-log - INFO - Attempting to update 'components' for DOWJONES.
2024-06-26 16:31:36,478 - taml-log - INFO - Successfully updated 'components' for DOWJONES.
2024-06-26 16:31:36,478 - taml-log - INFO - Attempting to update 'links' for EUROSTOXX50.
2024-06-26 16:31:38,734 - taml-log - INFO - Successfully updated 'links' for EUROSTOXX50.
2024-06-26 16:31:38,735 - taml-log - INFO - Attempting to update 'index' for EUROSTOXX50.
2024-06-26 16:31:40,846 - taml-log - INFO - Successfully updated 'index' for EUROSTOXX50.
2024-06-26 16:31:40,846 - taml-log - INFO - Attempting to update 'components' for EUROSTOXX50.
2024-06-26 16:31:49,156 - taml-log - INFO - Successfully updated 'components' for EUROSTOXX50.
2024-06-26 16:31:49,156 - taml-log - INFO - Attempting to update 'links' for FTSE100.
2024-06-26 16:31:51,516 - taml-log - INFO - Successfully updated 'links' for FTSE100.
2024-06-26 16:31:51,516 - taml-log - INFO - Attempting to update 'index' for FTSE100.
2024-06-26 16:31:53,633 - taml-log - INFO - Successfully updated 'index' for FTSE100.
2024-06-26 16:31:53,634 - taml-log - INFO - Attempting to update 'components' for FTSE100.
2024-06-26 16:32:06,410 - taml-log - INFO - Successfully updated 'components' for FTSE100.
2024-06-26 16:32:06,411 - taml-log - INFO - Attempting to update 'links' for OMXH25.
2024-06-26 16:32:08,568 - taml-log - INFO - Successfully updated 'links' for OMXH25.
2024-06-26 16:32:08,569 - taml-log - INFO - Attempting to update 'index' for OMXH25.
2024-06-26 16:32:10,678 - taml-log - INFO - Successfully updated 'index' for OMXH25.
2024-06-26 16:32:10,679 - taml-log - INFO - Attempting to update 'components' for OMXH25.
2024-06-26 16:32:16,877 - taml-log - INFO - Successfully updated 'components' for OMXH25.
2024-06-26 16:32:16,877 - taml-log - INFO - Attempting to update 'links' for OMXS30.
2024-06-26 16:32:19,180 - taml-log - INFO - Successfully updated 'links' for OMXS30.
2024-06-26 16:32:19,180 - taml-log - INFO - Attempting to update 'index' for OMXS30.
2024-06-26 16:32:21,309 - taml-log - INFO - Successfully updated 'index' for OMXS30.
2024-06-26 16:32:21,310 - taml-log - INFO - Attempting to update 'components' for OMXS30.
2024-06-26 16:32:27,922 - taml-log - INFO - Successfully updated 'components' for OMXS30.
2024-06-26 16:32:27,922 - taml-log - INFO - Attempting to update 'links' for IBEX35.
2024-06-26 16:32:30,112 - taml-log - INFO - Successfully updated 'links' for IBEX35.
2024-06-26 16:32:30,113 - taml-log - INFO - Attempting to update 'index' for IBEX35.
2024-06-26 16:32:32,225 - taml-log - INFO - Successfully updated 'index' for IBEX35.
2024-06-26 16:32:32,226 - taml-log - INFO - Attempting to update 'components' for IBEX35.
2024-06-26 16:32:39,303 - taml-log - INFO - Successfully updated 'components' for IBEX35.
2024-06-26 16:32:39,303 - taml-log - INFO - Attempting to update 'links' for MDAX.
2024-06-26 16:32:41,508 - taml-log - INFO - Successfully updated 'links' for MDAX.
2024-06-26 16:32:41,509 - taml-log - INFO - Attempting to update 'index' for MDAX.
2024-06-26 16:32:43,614 - taml-log - INFO - Successfully updated 'index' for MDAX.
2024-06-26 16:32:43,614 - taml-log - INFO - Attempting to update 'components' for MDAX.
2024-06-26 16:32:53,585 - taml-log - INFO - Successfully updated 'components' for MDAX.
2024-06-26 16:32:53,585 - taml-log - INFO - Attempting to update 'links' for NASDAQ100.
2024-06-26 16:32:55,947 - taml-log - INFO - Successfully updated 'links' for NASDAQ100.
2024-06-26 16:32:55,947 - taml-log - INFO - Attempting to update 'index' for NASDAQ100.
2024-06-26 16:32:58,101 - taml-log - INFO - Successfully updated 'index' for NASDAQ100.
2024-06-26 16:32:58,101 - taml-log - INFO - Attempting to update 'components' for NASDAQ100.
2024-06-26 16:33:11,344 - taml-log - INFO - Successfully updated 'components' for NASDAQ100.
2024-06-26 16:33:11,345 - taml-log - INFO - Attempting to update 'links' for SP100.
2024-06-26 16:33:13,531 - taml-log - INFO - Successfully updated 'links' for SP100.
2024-06-26 16:33:13,532 - taml-log - INFO - Attempting to update 'index' for SP100.
2024-06-26 16:33:15,637 - taml-log - INFO - Successfully updated 'index' for SP100.
2024-06-26 16:33:15,637 - taml-log - INFO - Attempting to update 'components' for SP100.
2024-06-26 16:33:28,901 - taml-log - INFO - Successfully updated 'components' for SP100.
2024-06-26 16:33:28,901 - taml-log - INFO - Attempting to update 'links' for SP500.
2024-06-26 16:33:31,580 - taml-log - INFO - Successfully updated 'links' for SP500.
2024-06-26 16:33:31,580 - taml-log - INFO - Attempting to update 'index' for SP500.
2024-06-26 16:33:33,706 - taml-log - INFO - Successfully updated 'index' for SP500.
2024-06-26 16:33:33,706 - taml-log - INFO - Attempting to update 'components' for SP500.
2024-06-26 16:34:25,639 - taml-log - INFO - Successfully updated 'components' for SP500.
2024-06-26 16:34:25,639 - taml-log - INFO - Attempting to update 'links' for SW20.
2024-06-26 16:34:27,840 - taml-log - INFO - Successfully updated 'links' for SW20.
2024-06-26 16:34:27,840 - taml-log - INFO - Attempting to update 'index' for SW20.
2024-06-26 16:34:29,963 - taml-log - INFO - Successfully updated 'index' for SW20.
2024-06-26 16:34:29,964 - taml-log - INFO - Attempting to update 'components' for SW20.
2024-06-26 16:34:35,883 - taml-log - INFO - Successfully updated 'components' for SW20.
